<?xml version="1.0" encoding="UTF-8"?>
<testsuite name="springboot.web.dto.HelloResponseDtoTest" tests="1" skipped="0" failures="0" errors="0" timestamp="2023-04-08T06:24:54" hostname="songmunseog-ui-MacBookAir.local" time="0.001">
  <properties/>
  <testcase name="롬복_기능_테스트" classname="springboot.web.dto.HelloResponseDtoTest" time="0.001"/>
  <system-out><![CDATA[]]></system-out>
  <system-err><![CDATA[]]></system-err>
</testsuite>
