<?xml version="1.0" encoding="UTF-8"?>
<testsuite name="springboot.web.IndexControllerTest" tests="1" skipped="0" failures="0" errors="0" timestamp="2023-04-08T06:24:54" hostname="songmunseog-ui-MacBookAir.local" time="0.107">
  <properties/>
  <testcase name="메인페이지_로딩" classname="springboot.web.IndexControllerTest" time="0.107"/>
  <system-out><![CDATA[2023-04-08 15:24:53.233  INFO 80488 --- [    Test worker] .b.t.c.SpringBootTestContextBootstrapper : Neither @ContextConfiguration nor @ContextHierarchy found for test class [springboot.web.IndexControllerTest], using SpringBootContextLoader
2023-04-08 15:24:53.234  INFO 80488 --- [    Test worker] o.s.t.c.support.AbstractContextLoader    : Could not detect default resource locations for test class [springboot.web.IndexControllerTest]: no resource found for suffixes {-context.xml, Context.groovy}.
2023-04-08 15:24:53.234  INFO 80488 --- [    Test worker] t.c.s.AnnotationConfigContextLoaderUtils : Could not detect default configuration classes for test class [springboot.web.IndexControllerTest]: IndexControllerTest does not declare any static, non-private, non-final, nested classes annotated with @Configuration.
2023-04-08 15:24:53.234  INFO 80488 --- [    Test worker] .b.t.c.SpringBootTestContextBootstrapper : Found @SpringBootConfiguration springboot.Application for test class springboot.web.IndexControllerTest
2023-04-08 15:24:53.234  INFO 80488 --- [    Test worker] .b.t.c.SpringBootTestContextBootstrapper : Loaded default TestExecutionListener class names from location [META-INF/spring.factories]: [org.springframework.security.test.context.support.WithSecurityContextTestExecutionListener, org.springframework.security.test.context.support.ReactorContextTestExecutionListener, org.springframework.boot.test.autoconfigure.restdocs.RestDocsTestExecutionListener, org.springframework.boot.test.autoconfigure.web.client.MockRestServiceServerResetTestExecutionListener, org.springframework.boot.test.autoconfigure.web.servlet.MockMvcPrintOnlyOnFailureTestExecutionListener, org.springframework.boot.test.autoconfigure.web.servlet.WebDriverTestExecutionListener, org.springframework.boot.test.mock.mockito.MockitoTestExecutionListener, org.springframework.boot.test.mock.mockito.ResetMocksTestExecutionListener, org.springframework.test.context.web.ServletTestExecutionListener, org.springframework.test.context.support.DirtiesContextBeforeModesTestExecutionListener, org.springframework.test.context.support.DependencyInjectionTestExecutionListener, org.springframework.test.context.support.DirtiesContextTestExecutionListener, org.springframework.test.context.transaction.TransactionalTestExecutionListener, org.springframework.test.context.jdbc.SqlScriptsTestExecutionListener]
2023-04-08 15:24:53.235  INFO 80488 --- [    Test worker] .b.t.c.SpringBootTestContextBootstrapper : Using TestExecutionListeners: [org.springframework.test.context.web.ServletTestExecutionListener@9203db8, org.springframework.test.context.support.DirtiesContextBeforeModesTestExecutionListener@64d0b8e3, org.springframework.boot.test.mock.mockito.MockitoTestExecutionListener@65d3a83, org.springframework.boot.test.autoconfigure.SpringBootDependencyInjectionTestExecutionListener@7be9582e, org.springframework.test.context.support.DirtiesContextTestExecutionListener@73ac7716, org.springframework.test.context.transaction.TransactionalTestExecutionListener@125ace20, org.springframework.test.context.jdbc.SqlScriptsTestExecutionListener@7dbc77ca, org.springframework.security.test.context.support.WithSecurityContextTestExecutionListener@4c25687b, org.springframework.security.test.context.support.ReactorContextTestExecutionListener@5c21b22e, org.springframework.boot.test.autoconfigure.restdocs.RestDocsTestExecutionListener@184e5c44, org.springframework.boot.test.autoconfigure.web.client.MockRestServiceServerResetTestExecutionListener@6527aa0, org.springframework.boot.test.autoconfigure.web.servlet.MockMvcPrintOnlyOnFailureTestExecutionListener@6153aca1, org.springframework.boot.test.autoconfigure.web.servlet.WebDriverTestExecutionListener@30b2d267, org.springframework.boot.test.mock.mockito.ResetMocksTestExecutionListener@5a740449]

  .   ____          _            __ _ _
 /\\ / ___'_ __ _ _(_)_ __  __ _ \ \ \ \
( ( )\___ | '_ | '_| | '_ \/ _` | \ \ \ \
 \\/  ___)| |_)| | | | | || (_| |  ) ) ) )
  '  |____| .__|_| |_|_| |_\__, | / / / /
 =========|_|==============|___/=/_/_/_/
 :: Spring Boot ::        (v2.1.7.RELEASE)

2023-04-08 15:24:53.247  INFO 80488 --- [    Test worker] springboot.web.IndexControllerTest       : Starting IndexControllerTest on songmunseog-ui-MacBookAir.local with PID 80488 (started by songmunseog in /Users/songmunseog/Desktop/study/Project01)
2023-04-08 15:24:53.247  INFO 80488 --- [    Test worker] springboot.web.IndexControllerTest       : No active profile set, falling back to default profiles: default
2023-04-08 15:24:53.313  INFO 80488 --- [    Test worker] .s.d.r.c.RepositoryConfigurationDelegate : Bootstrapping Spring Data repositories in DEFAULT mode.
2023-04-08 15:24:53.319  INFO 80488 --- [    Test worker] .s.d.r.c.RepositoryConfigurationDelegate : Finished Spring Data repository scanning in 5ms. Found 2 repository interfaces.
2023-04-08 15:24:53.350  INFO 80488 --- [    Test worker] trationDelegate$BeanPostProcessorChecker : Bean 'org.springframework.transaction.annotation.ProxyTransactionManagementConfiguration' of type [org.springframework.transaction.annotation.ProxyTransactionManagementConfiguration$$EnhancerBySpringCGLIB$$d8a2c074] is not eligible for getting processed by all BeanPostProcessors (for example: not eligible for auto-proxying)
2023-04-08 15:24:53.442  INFO 80488 --- [    Test worker] o.s.b.w.embedded.tomcat.TomcatWebServer  : Tomcat initialized with port(s): 0 (http)
2023-04-08 15:24:53.457  INFO 80488 --- [    Test worker] o.apache.catalina.core.StandardService   : Starting service [Tomcat]
2023-04-08 15:24:53.457  INFO 80488 --- [    Test worker] org.apache.catalina.core.StandardEngine  : Starting Servlet engine: [Apache Tomcat/9.0.22]
2023-04-08 15:24:53.524  INFO 80488 --- [    Test worker] o.a.c.c.C.[Tomcat].[localhost].[/]       : Initializing Spring embedded WebApplicationContext
2023-04-08 15:24:53.524  INFO 80488 --- [    Test worker] o.s.web.context.ContextLoader            : Root WebApplicationContext: initialization completed in 276 ms
2023-04-08 15:24:53.576  INFO 80488 --- [    Test worker] com.zaxxer.hikari.HikariDataSource       : HikariPool-2 - Starting...
2023-04-08 15:24:53.576  INFO 80488 --- [    Test worker] com.zaxxer.hikari.HikariDataSource       : HikariPool-2 - Start completed.
2023-04-08 15:24:53.586  INFO 80488 --- [    Test worker] o.hibernate.jpa.internal.util.LogHelper  : HHH000204: Processing PersistenceUnitInfo [
	name: default
	...]
2023-04-08 15:24:53.590  INFO 80488 --- [    Test worker] org.hibernate.dialect.Dialect            : HHH000400: Using dialect: org.hibernate.dialect.MySQL5InnoDBDialect
Hibernate: drop table if exists posts
Hibernate: drop table if exists user
Hibernate: create table posts (id bigint not null auto_increment, created_date datetime, modified_date datetime, author varchar(255), content TEXT not null, title varchar(500) not null, primary key (id)) engine=InnoDB
Hibernate: create table user (id bigint not null auto_increment, created_date datetime, modified_date datetime, email varchar(255) not null, name varchar(255) not null, picture varchar(255), role varchar(255) not null, primary key (id)) engine=InnoDB
2023-04-08 15:24:53.611  INFO 80488 --- [    Test worker] o.h.t.schema.internal.SchemaCreatorImpl  : HHH000476: Executing import script 'org.hibernate.tool.schema.internal.exec.ScriptSourceInputNonExistentImpl@3f2ae973'
2023-04-08 15:24:53.611  INFO 80488 --- [    Test worker] j.LocalContainerEntityManagerFactoryBean : Initialized JPA EntityManagerFactory for persistence unit 'default'
2023-04-08 15:24:53.737  INFO 80488 --- [    Test worker] o.h.h.i.QueryTranslatorFactoryInitiator  : HHH000397: Using ASTQueryTranslatorFactory
2023-04-08 15:24:53.798  INFO 80488 --- [    Test worker] o.s.s.web.DefaultSecurityFilterChain     : Creating filter chain: any request, [org.springframework.security.web.context.request.async.WebAsyncManagerIntegrationFilter@4f5080ea, org.springframework.security.web.context.SecurityContextPersistenceFilter@e00f822, org.springframework.security.web.header.HeaderWriterFilter@572d1f18, org.springframework.security.web.authentication.logout.LogoutFilter@55fbebba, org.springframework.security.oauth2.client.web.OAuth2AuthorizationRequestRedirectFilter@6ddccee4, org.springframework.security.oauth2.client.web.OAuth2LoginAuthenticationFilter@39000894, org.springframework.security.web.authentication.ui.DefaultLoginPageGeneratingFilter@5cb3c9e6, org.springframework.security.web.authentication.ui.DefaultLogoutPageGeneratingFilter@28cc690d, org.springframework.security.web.savedrequest.RequestCacheAwareFilter@42c7781a, org.springframework.security.web.servletapi.SecurityContextHolderAwareRequestFilter@7d2d7a85, org.springframework.security.web.authentication.AnonymousAuthenticationFilter@23ec291e, org.springframework.security.web.session.SessionManagementFilter@28e12bc5, org.springframework.security.web.access.ExceptionTranslationFilter@8588a62, org.springframework.security.web.access.intercept.FilterSecurityInterceptor@5aa7bb86]
2023-04-08 15:24:53.877  INFO 80488 --- [    Test worker] o.s.s.concurrent.ThreadPoolTaskExecutor  : Initializing ExecutorService 'applicationTaskExecutor'
2023-04-08 15:24:53.883  WARN 80488 --- [    Test worker] aWebConfiguration$JpaWebMvcConfiguration : spring.jpa.open-in-view is enabled by default. Therefore, database queries may be performed during view rendering. Explicitly configure spring.jpa.open-in-view to disable this warning
2023-04-08 15:24:53.900  INFO 80488 --- [    Test worker] o.s.b.a.w.s.WelcomePageHandlerMapping    : Adding welcome page template: index
2023-04-08 15:24:53.997  INFO 80488 --- [    Test worker] s.a.ScheduledAnnotationBeanPostProcessor : No TaskScheduler/ScheduledExecutorService bean found for scheduled processing
2023-04-08 15:24:54.010  INFO 80488 --- [    Test worker] o.s.b.w.embedded.tomcat.TomcatWebServer  : Tomcat started on port(s): 59021 (http) with context path ''
2023-04-08 15:24:54.011  INFO 80488 --- [    Test worker] springboot.web.IndexControllerTest       : Started IndexControllerTest in 0.772 seconds (JVM running for 4.41)
2023-04-08 15:24:54.075  INFO 80488 --- [o-auto-1-exec-1] o.a.c.c.C.[Tomcat].[localhost].[/]       : Initializing Spring DispatcherServlet 'dispatcherServlet'
2023-04-08 15:24:54.075  INFO 80488 --- [o-auto-1-exec-1] o.s.web.servlet.DispatcherServlet        : Initializing Servlet 'dispatcherServlet'
2023-04-08 15:24:54.081  INFO 80488 --- [o-auto-1-exec-1] o.s.web.servlet.DispatcherServlet        : Completed initialization in 6 ms
Hibernate: select posts0_.id as id1_0_, posts0_.created_date as created_2_0_, posts0_.modified_date as modified3_0_, posts0_.author as author4_0_, posts0_.content as content5_0_, posts0_.title as title6_0_ from posts posts0_ order by posts0_.id DESC
]]></system-out>
  <system-err><![CDATA[]]></system-err>
</testsuite>
