<?xml version="1.0" encoding="UTF-8"?>
<testsuite name="springboot.web.HelloControllerTest" tests="2" skipped="0" failures="0" errors="0" timestamp="2023-04-08T07:56:05" hostname="songmunseog-ui-MacBookAir.local" time="0.069">
  <properties/>
  <testcase name="hello가_리턴된다" classname="springboot.web.HelloControllerTest" time="0.028"/>
  <testcase name="helloDto가_리턴된다" classname="springboot.web.HelloControllerTest" time="0.041"/>
  <system-out><![CDATA[2023-04-08 16:56:05.240  INFO 99568 --- [    Test worker] .b.t.a.w.s.WebMvcTestContextBootstrapper : Neither @ContextConfiguration nor @ContextHierarchy found for test class [springboot.web.HelloControllerTest], using SpringBootContextLoader
2023-04-08 16:56:05.243  INFO 99568 --- [    Test worker] o.s.t.c.support.AbstractContextLoader    : Could not detect default resource locations for test class [springboot.web.HelloControllerTest]: no resource found for suffixes {-context.xml, Context.groovy}.
2023-04-08 16:56:05.243  INFO 99568 --- [    Test worker] t.c.s.AnnotationConfigContextLoaderUtils : Could not detect default configuration classes for test class [springboot.web.HelloControllerTest]: HelloControllerTest does not declare any static, non-private, non-final, nested classes annotated with @Configuration.
2023-04-08 16:56:05.259  INFO 99568 --- [    Test worker] .b.t.c.SpringBootTestContextBootstrapper : Found @SpringBootConfiguration springboot.Application for test class springboot.web.HelloControllerTest
2023-04-08 16:56:05.259  INFO 99568 --- [    Test worker] .b.t.a.w.s.WebMvcTestContextBootstrapper : Loaded default TestExecutionListener class names from location [META-INF/spring.factories]: [org.springframework.security.test.context.support.WithSecurityContextTestExecutionListener, org.springframework.security.test.context.support.ReactorContextTestExecutionListener, org.springframework.boot.test.autoconfigure.restdocs.RestDocsTestExecutionListener, org.springframework.boot.test.autoconfigure.web.client.MockRestServiceServerResetTestExecutionListener, org.springframework.boot.test.autoconfigure.web.servlet.MockMvcPrintOnlyOnFailureTestExecutionListener, org.springframework.boot.test.autoconfigure.web.servlet.WebDriverTestExecutionListener, org.springframework.boot.test.mock.mockito.MockitoTestExecutionListener, org.springframework.boot.test.mock.mockito.ResetMocksTestExecutionListener, org.springframework.test.context.web.ServletTestExecutionListener, org.springframework.test.context.support.DirtiesContextBeforeModesTestExecutionListener, org.springframework.test.context.support.DependencyInjectionTestExecutionListener, org.springframework.test.context.support.DirtiesContextTestExecutionListener, org.springframework.test.context.transaction.TransactionalTestExecutionListener, org.springframework.test.context.jdbc.SqlScriptsTestExecutionListener]
2023-04-08 16:56:05.260  INFO 99568 --- [    Test worker] .b.t.a.w.s.WebMvcTestContextBootstrapper : Using TestExecutionListeners: [org.springframework.test.context.web.ServletTestExecutionListener@3070f59f, org.springframework.test.context.support.DirtiesContextBeforeModesTestExecutionListener@2f16c21f, org.springframework.boot.test.mock.mockito.MockitoTestExecutionListener@2314f013, org.springframework.boot.test.autoconfigure.SpringBootDependencyInjectionTestExecutionListener@72ae1007, org.springframework.test.context.support.DirtiesContextTestExecutionListener@4545cfc0, org.springframework.test.context.transaction.TransactionalTestExecutionListener@5cdafb4d, org.springframework.test.context.jdbc.SqlScriptsTestExecutionListener@58ca1cad, org.springframework.security.test.context.support.WithSecurityContextTestExecutionListener@5ae6119b, org.springframework.security.test.context.support.ReactorContextTestExecutionListener@31b6eec8, org.springframework.boot.test.autoconfigure.restdocs.RestDocsTestExecutionListener@3abd7b20, org.springframework.boot.test.autoconfigure.web.client.MockRestServiceServerResetTestExecutionListener@329a27ae, org.springframework.boot.test.autoconfigure.web.servlet.MockMvcPrintOnlyOnFailureTestExecutionListener@589a82af, org.springframework.boot.test.autoconfigure.web.servlet.WebDriverTestExecutionListener@5edce7da, org.springframework.boot.test.mock.mockito.ResetMocksTestExecutionListener@f69e35a]

  .   ____          _            __ _ _
 /\\ / ___'_ __ _ _(_)_ __  __ _ \ \ \ \
( ( )\___ | '_ | '_| | '_ \/ _` | \ \ \ \
 \\/  ___)| |_)| | | | | || (_| |  ) ) ) )
  '  |____| .__|_| |_|_| |_\__, | / / / /
 =========|_|==============|___/=/_/_/_/
 :: Spring Boot ::        (v2.1.7.RELEASE)

2023-04-08 16:56:05.273  INFO 99568 --- [    Test worker] springboot.web.HelloControllerTest       : Starting HelloControllerTest on songmunseog-ui-MacBookAir.local with PID 99568 (started by songmunseog in /Users/songmunseog/Desktop/study/Project01)
2023-04-08 16:56:05.274  INFO 99568 --- [    Test worker] springboot.web.HelloControllerTest       : No active profile set, falling back to default profiles: default
2023-04-08 16:56:05.404  INFO 99568 --- [    Test worker] o.s.s.concurrent.ThreadPoolTaskExecutor  : Initializing ExecutorService 'applicationTaskExecutor'
2023-04-08 16:56:05.414  INFO 99568 --- [    Test worker] o.s.b.a.w.s.WelcomePageHandlerMapping    : Adding welcome page template: index
2023-04-08 16:56:05.473  INFO 99568 --- [    Test worker] .s.s.UserDetailsServiceAutoConfiguration : 

Using generated security password: 7634349b-78c8-4506-9a92-8ea0c856c0aa

2023-04-08 16:56:05.535  INFO 99568 --- [    Test worker] o.s.s.web.DefaultSecurityFilterChain     : Creating filter chain: any request, [org.springframework.security.web.context.request.async.WebAsyncManagerIntegrationFilter@39d44217, org.springframework.security.web.context.SecurityContextPersistenceFilter@1ae37be2, org.springframework.security.web.header.HeaderWriterFilter@6a25c9ad, org.springframework.security.web.csrf.CsrfFilter@25ee3cd6, org.springframework.security.web.authentication.logout.LogoutFilter@234dfc8e, org.springframework.security.web.authentication.UsernamePasswordAuthenticationFilter@63075ad1, org.springframework.security.web.authentication.ui.DefaultLoginPageGeneratingFilter@50b010d4, org.springframework.security.web.authentication.ui.DefaultLogoutPageGeneratingFilter@3280a79a, org.springframework.security.web.authentication.www.BasicAuthenticationFilter@318f47f1, org.springframework.security.web.savedrequest.RequestCacheAwareFilter@60147536, org.springframework.security.web.servletapi.SecurityContextHolderAwareRequestFilter@2438a038, org.springframework.security.web.authentication.AnonymousAuthenticationFilter@79fbcef4, org.springframework.security.web.session.SessionManagementFilter@3e7940b3, org.springframework.security.web.access.ExceptionTranslationFilter@100d5018, org.springframework.security.web.access.intercept.FilterSecurityInterceptor@77d7d2d0]
2023-04-08 16:56:05.549  INFO 99568 --- [    Test worker] o.s.b.t.m.w.SpringBootMockServletContext : Initializing Spring TestDispatcherServlet ''
2023-04-08 16:56:05.550  INFO 99568 --- [    Test worker] o.s.t.web.servlet.TestDispatcherServlet  : Initializing Servlet ''
2023-04-08 16:56:05.557  INFO 99568 --- [    Test worker] o.s.t.web.servlet.TestDispatcherServlet  : Completed initialization in 7 ms
2023-04-08 16:56:05.568  INFO 99568 --- [    Test worker] springboot.web.HelloControllerTest       : Started HelloControllerTest in 0.307 seconds (JVM running for 4.588)
]]></system-out>
  <system-err><![CDATA[]]></system-err>
</testsuite>
