<?xml version="1.0" encoding="UTF-8"?>
<testsuite name="springboot.web.HelloControllerTest" tests="2" skipped="0" failures="0" errors="0" timestamp="2023-04-08T06:24:53" hostname="songmunseog-ui-MacBookAir.local" time="0.072">
  <properties/>
  <testcase name="hello가_리턴된다" classname="springboot.web.HelloControllerTest" time="0.036"/>
  <testcase name="helloDto가_리턴된다" classname="springboot.web.HelloControllerTest" time="0.035"/>
  <system-out><![CDATA[2023-04-08 15:24:52.873  INFO 80488 --- [    Test worker] .b.t.a.w.s.WebMvcTestContextBootstrapper : Neither @ContextConfiguration nor @ContextHierarchy found for test class [springboot.web.HelloControllerTest], using SpringBootContextLoader
2023-04-08 15:24:52.873  INFO 80488 --- [    Test worker] o.s.t.c.support.AbstractContextLoader    : Could not detect default resource locations for test class [springboot.web.HelloControllerTest]: no resource found for suffixes {-context.xml, Context.groovy}.
2023-04-08 15:24:52.873  INFO 80488 --- [    Test worker] t.c.s.AnnotationConfigContextLoaderUtils : Could not detect default configuration classes for test class [springboot.web.HelloControllerTest]: HelloControllerTest does not declare any static, non-private, non-final, nested classes annotated with @Configuration.
2023-04-08 15:24:52.882  INFO 80488 --- [    Test worker] .b.t.c.SpringBootTestContextBootstrapper : Found @SpringBootConfiguration springboot.Application for test class springboot.web.HelloControllerTest
2023-04-08 15:24:52.883  INFO 80488 --- [    Test worker] .b.t.a.w.s.WebMvcTestContextBootstrapper : Loaded default TestExecutionListener class names from location [META-INF/spring.factories]: [org.springframework.security.test.context.support.WithSecurityContextTestExecutionListener, org.springframework.security.test.context.support.ReactorContextTestExecutionListener, org.springframework.boot.test.autoconfigure.restdocs.RestDocsTestExecutionListener, org.springframework.boot.test.autoconfigure.web.client.MockRestServiceServerResetTestExecutionListener, org.springframework.boot.test.autoconfigure.web.servlet.MockMvcPrintOnlyOnFailureTestExecutionListener, org.springframework.boot.test.autoconfigure.web.servlet.WebDriverTestExecutionListener, org.springframework.boot.test.mock.mockito.MockitoTestExecutionListener, org.springframework.boot.test.mock.mockito.ResetMocksTestExecutionListener, org.springframework.test.context.web.ServletTestExecutionListener, org.springframework.test.context.support.DirtiesContextBeforeModesTestExecutionListener, org.springframework.test.context.support.DependencyInjectionTestExecutionListener, org.springframework.test.context.support.DirtiesContextTestExecutionListener, org.springframework.test.context.transaction.TransactionalTestExecutionListener, org.springframework.test.context.jdbc.SqlScriptsTestExecutionListener]
2023-04-08 15:24:52.883  INFO 80488 --- [    Test worker] .b.t.a.w.s.WebMvcTestContextBootstrapper : Using TestExecutionListeners: [org.springframework.test.context.web.ServletTestExecutionListener@5edce7da, org.springframework.test.context.support.DirtiesContextBeforeModesTestExecutionListener@f69e35a, org.springframework.boot.test.mock.mockito.MockitoTestExecutionListener@6c2d124e, org.springframework.boot.test.autoconfigure.SpringBootDependencyInjectionTestExecutionListener@602e7a9e, org.springframework.test.context.support.DirtiesContextTestExecutionListener@59f5a376, org.springframework.test.context.transaction.TransactionalTestExecutionListener@19c6e821, org.springframework.test.context.jdbc.SqlScriptsTestExecutionListener@1dfd3635, org.springframework.security.test.context.support.WithSecurityContextTestExecutionListener@e14559e, org.springframework.security.test.context.support.ReactorContextTestExecutionListener@7a0eb939, org.springframework.boot.test.autoconfigure.restdocs.RestDocsTestExecutionListener@54a7d1b9, org.springframework.boot.test.autoconfigure.web.client.MockRestServiceServerResetTestExecutionListener@209f0986, org.springframework.boot.test.autoconfigure.web.servlet.MockMvcPrintOnlyOnFailureTestExecutionListener@c0b10ae, org.springframework.boot.test.autoconfigure.web.servlet.WebDriverTestExecutionListener@3c3a767, org.springframework.boot.test.mock.mockito.ResetMocksTestExecutionListener@698394bf]

  .   ____          _            __ _ _
 /\\ / ___'_ __ _ _(_)_ __  __ _ \ \ \ \
( ( )\___ | '_ | '_| | '_ \/ _` | \ \ \ \
 \\/  ___)| |_)| | | | | || (_| |  ) ) ) )
  '  |____| .__|_| |_|_| |_\__, | / / / /
 =========|_|==============|___/=/_/_/_/
 :: Spring Boot ::        (v2.1.7.RELEASE)

2023-04-08 15:24:52.895  INFO 80488 --- [    Test worker] springboot.web.HelloControllerTest       : Starting HelloControllerTest on songmunseog-ui-MacBookAir.local with PID 80488 (started by songmunseog in /Users/songmunseog/Desktop/study/Project01)
2023-04-08 15:24:52.896  INFO 80488 --- [    Test worker] springboot.web.HelloControllerTest       : No active profile set, falling back to default profiles: default
2023-04-08 15:24:53.028  INFO 80488 --- [    Test worker] o.s.s.concurrent.ThreadPoolTaskExecutor  : Initializing ExecutorService 'applicationTaskExecutor'
2023-04-08 15:24:53.038  INFO 80488 --- [    Test worker] o.s.b.a.w.s.WelcomePageHandlerMapping    : Adding welcome page template: index
2023-04-08 15:24:53.093  INFO 80488 --- [    Test worker] .s.s.UserDetailsServiceAutoConfiguration : 

Using generated security password: 892237a8-9ba0-46ed-8fea-3635a011427f

2023-04-08 15:24:53.130  INFO 80488 --- [    Test worker] o.s.s.web.DefaultSecurityFilterChain     : Creating filter chain: any request, [org.springframework.security.web.context.request.async.WebAsyncManagerIntegrationFilter@6b83ec49, org.springframework.security.web.context.SecurityContextPersistenceFilter@63075ad1, org.springframework.security.web.header.HeaderWriterFilter@3b32f0b4, org.springframework.security.web.csrf.CsrfFilter@234dfc8e, org.springframework.security.web.authentication.logout.LogoutFilter@318f47f1, org.springframework.security.web.authentication.UsernamePasswordAuthenticationFilter@770be0d0, org.springframework.security.web.authentication.ui.DefaultLoginPageGeneratingFilter@3a3375d8, org.springframework.security.web.authentication.ui.DefaultLogoutPageGeneratingFilter@50ad5625, org.springframework.security.web.authentication.www.BasicAuthenticationFilter@665574fb, org.springframework.security.web.savedrequest.RequestCacheAwareFilter@5fa0943d, org.springframework.security.web.servletapi.SecurityContextHolderAwareRequestFilter@73bb782d, org.springframework.security.web.authentication.AnonymousAuthenticationFilter@1d921267, org.springframework.security.web.session.SessionManagementFilter@77d7d2d0, org.springframework.security.web.access.ExceptionTranslationFilter@1315f1d5, org.springframework.security.web.access.intercept.FilterSecurityInterceptor@79fbcef4]
2023-04-08 15:24:53.146  INFO 80488 --- [    Test worker] o.s.b.t.m.w.SpringBootMockServletContext : Initializing Spring TestDispatcherServlet ''
2023-04-08 15:24:53.146  INFO 80488 --- [    Test worker] o.s.t.web.servlet.TestDispatcherServlet  : Initializing Servlet ''
2023-04-08 15:24:53.151  INFO 80488 --- [    Test worker] o.s.t.web.servlet.TestDispatcherServlet  : Completed initialization in 5 ms
2023-04-08 15:24:53.160  INFO 80488 --- [    Test worker] springboot.web.HelloControllerTest       : Started HelloControllerTest in 0.275 seconds (JVM running for 3.559)
]]></system-out>
  <system-err><![CDATA[]]></system-err>
</testsuite>
