<?xml version="1.0" encoding="UTF-8"?>
<testsuite name="springboot.web.PostsApiControllerTest" tests="2" skipped="0" failures="0" errors="0" timestamp="2023-04-08T07:56:06" hostname="songmunseog-ui-MacBookAir.local" time="0.06">
  <properties/>
  <testcase name="posts_수정된다" classname="springboot.web.PostsApiControllerTest" time="0.038"/>
  <testcase name="Posts_등록된다" classname="springboot.web.PostsApiControllerTest" time="0.021"/>
  <system-out><![CDATA[2023-04-08 16:56:06.506  INFO 99568 --- [    Test worker] .b.t.c.SpringBootTestContextBootstrapper : Neither @ContextConfiguration nor @ContextHierarchy found for test class [springboot.web.PostsApiControllerTest], using SpringBootContextLoader
2023-04-08 16:56:06.507  INFO 99568 --- [    Test worker] o.s.t.c.support.AbstractContextLoader    : Could not detect default resource locations for test class [springboot.web.PostsApiControllerTest]: no resource found for suffixes {-context.xml, Context.groovy}.
2023-04-08 16:56:06.507  INFO 99568 --- [    Test worker] t.c.s.AnnotationConfigContextLoaderUtils : Could not detect default configuration classes for test class [springboot.web.PostsApiControllerTest]: PostsApiControllerTest does not declare any static, non-private, non-final, nested classes annotated with @Configuration.
2023-04-08 16:56:06.507  INFO 99568 --- [    Test worker] .b.t.c.SpringBootTestContextBootstrapper : Found @SpringBootConfiguration springboot.Application for test class springboot.web.PostsApiControllerTest
2023-04-08 16:56:06.507  INFO 99568 --- [    Test worker] .b.t.c.SpringBootTestContextBootstrapper : Loaded default TestExecutionListener class names from location [META-INF/spring.factories]: [org.springframework.security.test.context.support.WithSecurityContextTestExecutionListener, org.springframework.security.test.context.support.ReactorContextTestExecutionListener, org.springframework.boot.test.autoconfigure.restdocs.RestDocsTestExecutionListener, org.springframework.boot.test.autoconfigure.web.client.MockRestServiceServerResetTestExecutionListener, org.springframework.boot.test.autoconfigure.web.servlet.MockMvcPrintOnlyOnFailureTestExecutionListener, org.springframework.boot.test.autoconfigure.web.servlet.WebDriverTestExecutionListener, org.springframework.boot.test.mock.mockito.MockitoTestExecutionListener, org.springframework.boot.test.mock.mockito.ResetMocksTestExecutionListener, org.springframework.test.context.web.ServletTestExecutionListener, org.springframework.test.context.support.DirtiesContextBeforeModesTestExecutionListener, org.springframework.test.context.support.DependencyInjectionTestExecutionListener, org.springframework.test.context.support.DirtiesContextTestExecutionListener, org.springframework.test.context.transaction.TransactionalTestExecutionListener, org.springframework.test.context.jdbc.SqlScriptsTestExecutionListener]
2023-04-08 16:56:06.508  INFO 99568 --- [    Test worker] .b.t.c.SpringBootTestContextBootstrapper : Using TestExecutionListeners: [org.springframework.test.context.web.ServletTestExecutionListener@4ee8ea84, org.springframework.test.context.support.DirtiesContextBeforeModesTestExecutionListener@76e5d5e5, org.springframework.boot.test.mock.mockito.MockitoTestExecutionListener@1b0709e7, org.springframework.boot.test.autoconfigure.SpringBootDependencyInjectionTestExecutionListener@1e368085, org.springframework.test.context.support.DirtiesContextTestExecutionListener@1703e50d, org.springframework.test.context.transaction.TransactionalTestExecutionListener@4f1150f5, org.springframework.test.context.jdbc.SqlScriptsTestExecutionListener@6cfa20c1, org.springframework.security.test.context.support.WithSecurityContextTestExecutionListener@46e2a773, org.springframework.security.test.context.support.ReactorContextTestExecutionListener@4ec1192f, org.springframework.boot.test.autoconfigure.restdocs.RestDocsTestExecutionListener@b926efa, org.springframework.boot.test.autoconfigure.web.client.MockRestServiceServerResetTestExecutionListener@3653bb61, org.springframework.boot.test.autoconfigure.web.servlet.MockMvcPrintOnlyOnFailureTestExecutionListener@65595be7, org.springframework.boot.test.autoconfigure.web.servlet.WebDriverTestExecutionListener@23972e02, org.springframework.boot.test.mock.mockito.ResetMocksTestExecutionListener@3bea7134]
2023-04-08 16:56:06.511  INFO 99568 --- [    Test worker] o.a.c.c.C.[Tomcat].[localhost].[/]       : Initializing Spring TestDispatcherServlet ''
2023-04-08 16:56:06.511  INFO 99568 --- [    Test worker] o.s.t.web.servlet.TestDispatcherServlet  : Initializing Servlet ''
2023-04-08 16:56:06.511  INFO 99568 --- [    Test worker] o.s.t.web.servlet.TestDispatcherServlet  : Completed initialization in 0 ms
Hibernate: insert into posts (created_date, modified_date, author, content, title) values (?, ?, ?, ?, ?)
Hibernate: select posts0_.id as id1_0_0_, posts0_.created_date as created_2_0_0_, posts0_.modified_date as modified3_0_0_, posts0_.author as author4_0_0_, posts0_.content as content5_0_0_, posts0_.title as title6_0_0_ from posts posts0_ where posts0_.id=?
Hibernate: update posts set created_date=?, modified_date=?, author=?, content=?, title=? where id=?
Hibernate: select posts0_.id as id1_0_, posts0_.created_date as created_2_0_, posts0_.modified_date as modified3_0_, posts0_.author as author4_0_, posts0_.content as content5_0_, posts0_.title as title6_0_ from posts posts0_
Hibernate: select posts0_.id as id1_0_, posts0_.created_date as created_2_0_, posts0_.modified_date as modified3_0_, posts0_.author as author4_0_, posts0_.content as content5_0_, posts0_.title as title6_0_ from posts posts0_
Hibernate: delete from posts where id=?
2023-04-08 16:56:06.549  INFO 99568 --- [    Test worker] o.a.c.c.C.[Tomcat].[localhost].[/]       : Initializing Spring TestDispatcherServlet ''
2023-04-08 16:56:06.549  INFO 99568 --- [    Test worker] o.s.t.web.servlet.TestDispatcherServlet  : Initializing Servlet ''
2023-04-08 16:56:06.550  INFO 99568 --- [    Test worker] o.s.t.web.servlet.TestDispatcherServlet  : Completed initialization in 1 ms
Hibernate: insert into posts (created_date, modified_date, author, content, title) values (?, ?, ?, ?, ?)
Hibernate: select posts0_.id as id1_0_, posts0_.created_date as created_2_0_, posts0_.modified_date as modified3_0_, posts0_.author as author4_0_, posts0_.content as content5_0_, posts0_.title as title6_0_ from posts posts0_
Hibernate: select posts0_.id as id1_0_, posts0_.created_date as created_2_0_, posts0_.modified_date as modified3_0_, posts0_.author as author4_0_, posts0_.content as content5_0_, posts0_.title as title6_0_ from posts posts0_
Hibernate: delete from posts where id=?
]]></system-out>
  <system-err><![CDATA[]]></system-err>
</testsuite>
